<!DOCTYPE html PUBLIC "-//W3C//DTD XHTML 1.1//EN" "https://www.w3.org/TR/xhtml11/DTD/xhtml11.dtd">
<html xmlns="https://www.w3.org/1999/xhtml">
<head>
<meta http-equiv="content-type" content="text/html; charset=UTF-8"/>
<title>TestNG Report</title>
<style type="text/css">table {margin-bottom:10px;border-collapse:collapse;empty-cells:show}th,td {border:1px solid #009;padding:.25em .5em}th {vertical-align:bottom}td {vertical-align:top}table a {font-weight:bold}.stripe td {background-color: #E6EBF9}.num {text-align:right}.passedodd td {background-color: #3F3}.passedeven td {background-color: #0A0}.skippedodd td {background-color: #DDD}.skippedeven td {background-color: #CCC}.failedodd td,.attn {background-color: #F33}.failedeven td,.stripe .attn {background-color: #D00}.stacktrace {white-space:pre;font-family:monospace}.totop {font-size:85%;text-align:center;border-bottom:2px solid #000}.invisible {display:none}</style>
</head>
<body>
<table>
<tr><th>Test</th><th># Passed</th><th># Skipped</th><th># Retried</th><th># Failed</th><th>Time (ms)</th><th>Included Groups</th><th>Excluded Groups</th></tr>
<tr><th colspan="8">Suite</th></tr>
<tr><td><a href="#t0">LoginTest</a></td><td class="num">0</td><td class="num attn">4</td><td class="num">0</td><td class="num">0</td><td class="num">93</td><td></td><td></td></tr>
<tr class="stripe"><td><a href="#t1">forget</a></td><td class="num">1</td><td class="num">0</td><td class="num">0</td><td class="num">0</td><td class="num">9,219</td><td></td><td></td></tr>
<tr><th>Total</th><th class="num">1</th><th class="num attn">4</th><th class="num">0</th><th class="num">0</th><th class="num">9,312</th><th colspan="2"></th></tr>
</table>
<table id='summary'><thead><tr><th>Class</th><th>Method</th><th>Start</th><th>Time (ms)</th></tr></thead><tbody><tr><th colspan="4">Suite</th></tr></tbody><tbody id="t0"><tr><th colspan="4">LoginTest &#8212; skipped (configuration methods)</th></tr><tr class="skippedeven"><td rowspan="2">testcases.LoginTest</td><td><a href="#m0">afterTest</a></td><td rowspan="1">1726668329508</td><td rowspan="1">-1726668329508</td></tr><tr class="skippedeven"><td><a href="#m1">beforeTest</a></td><td rowspan="1">1726668329423</td><td rowspan="1">19</td></tr><tr><th colspan="4">LoginTest &#8212; skipped</th></tr><tr class="skippedeven"><td rowspan="2">testcases.LoginTest</td><td><a href="#m2">validatePassword</a></td><td rowspan="1">1726668329491</td><td rowspan="1">0</td></tr><tr class="skippedeven"><td><a href="#m3">validateUserid</a></td><td rowspan="1">1726668329483</td><td rowspan="1">0</td></tr><tr class="skippedodd"><td rowspan="2">testcases.ProductSearchTest</td><td><a href="#m4">addtokart</a></td><td rowspan="1">1726668329505</td><td rowspan="1">0</td></tr><tr class="skippedodd"><td><a href="#m5">productsearch</a></td><td rowspan="1">1726668329498</td><td rowspan="1">0</td></tr></tbody>
<tbody id="t1"><tr><th colspan="4">forget &#8212; passed</th></tr><tr class="passedeven"><td rowspan="1">testcases.ForgetTest</td><td><a href="#m6">forget</a></td><td rowspan="1">1726668335012</td><td rowspan="1">3107</td></tr></tbody>
</table>
<h2>LoginTest</h2><h3 id="m0">testcases.LoginTest#afterTest</h3><table class="result"><tr><th class="invisible"/></tr></table><p class="totop"><a href="#summary">back to summary</a></p>
<h3 id="m1">testcases.LoginTest#beforeTest</h3><table class="result"><tr class="param"><th>Parameter #1</th><th>Parameter #2</th><th>Parameter #3</th><th>Parameter #4</th><th>Parameter #5</th></tr><tr class="param stripe"><td>chrome</td><td>https://www.amazon.in</td><td>AmazonLogin</td><td>Login</td><td>false</td></tr><tr><th colspan="5">Exception</th></tr><tr><td colspan="5"><div class="stacktrace">org.testng.SkipException: skip test Login
	at core.Page.beforeTest(Page.java:31)
... Removed 24 stack frames</div></td></tr></table><p class="totop"><a href="#summary">back to summary</a></p>
<h3 id="m2">testcases.LoginTest#validatePassword</h3><table class="result"><tr><th>Exception</th></tr><tr><td><div class="stacktrace">java.lang.Throwable: Method LoginTest.validatePassword()[pri:2, instance:testcases.LoginTest@201a4587] depends on not successfully finished methods
	at java.base/java.util.ArrayList.forEach(ArrayList.java:1511)
... Removed 18 stack frames</div></td></tr></table><p class="totop"><a href="#summary">back to summary</a></p>
<h3 id="m3">testcases.LoginTest#validateUserid</h3><table class="result"><tr><th>Exception</th></tr><tr><td><div class="stacktrace">org.testng.SkipException: skip test Login
	at core.Page.beforeTest(Page.java:31)
... Removed 24 stack frames</div></td></tr></table><p class="totop"><a href="#summary">back to summary</a></p>
<h3 id="m4">testcases.ProductSearchTest#addtokart</h3><table class="result"><tr><th>Exception</th></tr><tr><td><div class="stacktrace">java.lang.Throwable: Method ProductSearchTest.addtokart()[pri:0, instance:testcases.ProductSearchTest@1151e434] depends on not successfully finished methods
	at java.base/java.util.ArrayList.forEach(ArrayList.java:1511)
... Removed 18 stack frames</div></td></tr></table><p class="totop"><a href="#summary">back to summary</a></p>
<h3 id="m5">testcases.ProductSearchTest#productsearch</h3><table class="result"><tr><th>Exception</th></tr><tr><td><div class="stacktrace">java.lang.Throwable: Method ProductSearchTest.productsearch(java.lang.String)[pri:0, instance:testcases.ProductSearchTest@1151e434] depends on not successfully finished methods in group &quot;login&quot;
	at java.base/java.util.ArrayList.forEach(ArrayList.java:1511)
... Removed 18 stack frames</div></td></tr></table><p class="totop"><a href="#summary">back to summary</a></p>
<h2>forget</h2><h3 id="m6">testcases.ForgetTest#forget</h3><table class="result"><tr><th class="invisible"/></tr></table><p class="totop"><a href="#summary">back to summary</a></p>
</body>
</html>
